2024-04-26 14:57:26,255 [http-nio-8083-exec-3] Method name = [list]
2024-04-26 14:57:26,256 [http-nio-8083-exec-3] Execution time: 0.181s
2024-04-26 14:57:29,174 [restartedMain] Multiple @RequestMapping annotations found on public java.lang.String com.newlecmineursprj.controller.admin.PostController.regForm(), but only the first will be used: [@org.springframework.web.bind.annotation.PostMapping(consumes={}, headers={}, name="", params={}, path={}, produces={}, value={}), @org.springframework.web.bind.annotation.GetMapping(consumes={}, headers={}, name="", params={}, path={"preview"}, produces={}, value={"preview"})]
2024-04-26 14:57:37,593 [restartedMain] Multiple @RequestMapping annotations found on public java.lang.String com.newlecmineursprj.controller.admin.PostController.regForm(), but only the first will be used: [@org.springframework.web.bind.annotation.PostMapping(consumes={}, headers={}, name="", params={}, path={}, produces={}, value={}), @org.springframework.web.bind.annotation.GetMapping(consumes={}, headers={}, name="", params={}, path={"preview"}, produces={}, value={"preview"})]
2024-04-26 14:58:24,830 [restartedMain] Multiple @RequestMapping annotations found on public java.lang.String com.newlecmineursprj.controller.admin.PostController.regForm(), but only the first will be used: [@org.springframework.web.bind.annotation.PostMapping(consumes={}, headers={}, name="", params={}, path={}, produces={}, value={}), @org.springframework.web.bind.annotation.GetMapping(consumes={}, headers={}, name="", params={}, path={"preview"}, produces={}, value={"preview"})]
2024-04-26 14:59:19,595 [restartedMain] Multiple @RequestMapping annotations found on public java.lang.String com.newlecmineursprj.controller.admin.PostController.regForm(), but only the first will be used: [@org.springframework.web.bind.annotation.PostMapping(consumes={}, headers={}, name="", params={}, path={}, produces={}, value={}), @org.springframework.web.bind.annotation.GetMapping(consumes={}, headers={}, name="", params={}, path={"preview"}, produces={}, value={"preview"})]
2024-04-26 14:59:29,949 [http-nio-8083-exec-1] --------------------------------------
2024-04-26 14:59:29,951 [http-nio-8083-exec-1] Method name = [detail]
2024-04-26 14:59:29,953 [http-nio-8083-exec-1] Execution time: 0.215s
2024-04-26 14:59:29,954 [http-nio-8083-exec-1] --------------------------------------
2024-04-26 14:59:31,379 [restartedMain] Multiple @RequestMapping annotations found on public java.lang.String com.newlecmineursprj.controller.admin.PostController.regForm(), but only the first will be used: [@org.springframework.web.bind.annotation.PostMapping(consumes={}, headers={}, name="", params={}, path={}, produces={}, value={}), @org.springframework.web.bind.annotation.GetMapping(consumes={}, headers={}, name="", params={}, path={"preview"}, produces={}, value={"preview"})]
2024-04-26 14:59:31,945 [http-nio-8083-exec-1] --------------------------------------
2024-04-26 14:59:31,946 [http-nio-8083-exec-1] Method name = [detail]
2024-04-26 14:59:31,946 [http-nio-8083-exec-1] Execution time: 0.073s
2024-04-26 14:59:31,946 [http-nio-8083-exec-1] --------------------------------------
2024-04-26 15:06:11,741 [restartedMain] Multiple @RequestMapping annotations found on public java.lang.String com.newlecmineursprj.controller.admin.PostController.regForm(), but only the first will be used: [@org.springframework.web.bind.annotation.PostMapping(consumes={}, headers={}, name="", params={}, path={}, produces={}, value={}), @org.springframework.web.bind.annotation.GetMapping(consumes={}, headers={}, name="", params={}, path={"preview"}, produces={}, value={"preview"})]
2024-04-26 15:09:33,814 [restartedMain] Multiple @RequestMapping annotations found on public java.lang.String com.newlecmineursprj.controller.admin.PostController.regForm(), but only the first will be used: [@org.springframework.web.bind.annotation.PostMapping(consumes={}, headers={}, name="", params={}, path={}, produces={}, value={}), @org.springframework.web.bind.annotation.GetMapping(consumes={}, headers={}, name="", params={}, path={"preview"}, produces={}, value={"preview"})]
2024-04-26 15:09:34,392 [http-nio-8083-exec-1] --------------------------------------
2024-04-26 15:09:34,393 [http-nio-8083-exec-1] Method name = [list]
2024-04-26 15:09:34,395 [http-nio-8083-exec-1] Execution time: 0.182s
2024-04-26 15:09:34,395 [http-nio-8083-exec-1] --------------------------------------
2024-04-26 15:09:44,316 [http-nio-8083-exec-6] --------------------------------------
2024-04-26 15:09:44,317 [http-nio-8083-exec-6] Method name = [detail]
2024-04-26 15:09:44,317 [http-nio-8083-exec-6] Execution time: 0.033s
2024-04-26 15:09:44,317 [http-nio-8083-exec-6] --------------------------------------
2024-04-26 15:09:45,338 [restartedMain] Multiple @RequestMapping annotations found on public java.lang.String com.newlecmineursprj.controller.admin.PostController.regForm(), but only the first will be used: [@org.springframework.web.bind.annotation.PostMapping(consumes={}, headers={}, name="", params={}, path={}, produces={}, value={}), @org.springframework.web.bind.annotation.GetMapping(consumes={}, headers={}, name="", params={}, path={"preview"}, produces={}, value={"preview"})]
2024-04-26 15:09:52,735 [http-nio-8083-exec-1] --------------------------------------
2024-04-26 15:09:52,736 [http-nio-8083-exec-1] Method name = [edit]
2024-04-26 15:09:52,736 [http-nio-8083-exec-1] Execution time: 0.099s
2024-04-26 15:09:52,736 [http-nio-8083-exec-1] --------------------------------------
2024-04-26 15:09:52,797 [http-nio-8083-exec-2] --------------------------------------
2024-04-26 15:09:52,797 [http-nio-8083-exec-2] Method name = [list]
2024-04-26 15:09:52,797 [http-nio-8083-exec-2] Execution time: 0.041s
2024-04-26 15:09:52,797 [http-nio-8083-exec-2] --------------------------------------
2024-04-26 15:09:53,736 [restartedMain] Multiple @RequestMapping annotations found on public java.lang.String com.newlecmineursprj.controller.admin.PostController.regForm(), but only the first will be used: [@org.springframework.web.bind.annotation.PostMapping(consumes={}, headers={}, name="", params={}, path={}, produces={}, value={}), @org.springframework.web.bind.annotation.GetMapping(consumes={}, headers={}, name="", params={}, path={"preview"}, produces={}, value={"preview"})]
2024-04-26 15:19:13,408 [http-nio-8083-exec-1] --------------------------------------
2024-04-26 15:19:13,409 [http-nio-8083-exec-1] Method name = [regForm]
2024-04-26 15:19:13,410 [http-nio-8083-exec-1] Execution time: 0.132s
2024-04-26 15:19:13,410 [http-nio-8083-exec-1] --------------------------------------
2024-04-26 15:33:45,023 [http-nio-8083-exec-1] --------------------------------------
2024-04-26 15:33:45,025 [http-nio-8083-exec-1] Method name = [regForm]
2024-04-26 15:33:45,026 [http-nio-8083-exec-1] Execution time: 1.147s
2024-04-26 15:33:45,026 [http-nio-8083-exec-1] --------------------------------------
2024-04-26 15:34:10,303 [http-nio-8083-exec-1] --------------------------------------
2024-04-26 15:34:10,306 [http-nio-8083-exec-1] Method name = [regForm]
2024-04-26 15:34:10,309 [http-nio-8083-exec-1] Execution time: 0.304s
2024-04-26 15:34:10,310 [http-nio-8083-exec-1] --------------------------------------
2024-04-26 15:35:48,247 [http-nio-8083-exec-1] --------------------------------------
2024-04-26 15:35:48,249 [http-nio-8083-exec-1] Method name = [regForm]
2024-04-26 15:35:48,251 [http-nio-8083-exec-1] Execution time: 0.270s
2024-04-26 15:35:48,251 [http-nio-8083-exec-1] --------------------------------------
2024-04-26 15:39:27,784 [http-nio-8083-exec-1] --------------------------------------
2024-04-26 15:39:27,787 [http-nio-8083-exec-1] Method name = [regForm]
2024-04-26 15:39:27,792 [http-nio-8083-exec-1] Execution time: 0.233s
2024-04-26 15:39:27,792 [http-nio-8083-exec-1] --------------------------------------
2024-04-26 15:43:25,814 [http-nio-8083-exec-1] --------------------------------------
2024-04-26 15:43:25,816 [http-nio-8083-exec-1] Method name = [regForm]
2024-04-26 15:43:25,820 [http-nio-8083-exec-1] Execution time: 0.325s
2024-04-26 15:43:25,820 [http-nio-8083-exec-1] --------------------------------------
2024-04-26 15:44:35,482 [http-nio-8083-exec-1] --------------------------------------
2024-04-26 15:44:35,484 [http-nio-8083-exec-1] Method name = [regForm]
2024-04-26 15:44:35,489 [http-nio-8083-exec-1] Execution time: 0.482s
2024-04-26 15:44:35,489 [http-nio-8083-exec-1] --------------------------------------
2024-04-26 15:47:44,270 [http-nio-8083-exec-1] --------------------------------------
2024-04-26 15:47:44,275 [http-nio-8083-exec-1] Method name = [regForm]
2024-04-26 15:47:44,282 [http-nio-8083-exec-1] Execution time: 0.449s
2024-04-26 15:47:44,282 [http-nio-8083-exec-1] --------------------------------------
2024-04-26 15:48:04,903 [http-nio-8083-exec-1] --------------------------------------
2024-04-26 15:48:04,904 [http-nio-8083-exec-1] Method name = [regForm]
2024-04-26 15:48:04,904 [http-nio-8083-exec-1] Execution time: 0.059s
2024-04-26 15:48:04,905 [http-nio-8083-exec-1] --------------------------------------
2024-04-26 15:49:55,463 [http-nio-8083-exec-1] --------------------------------------
2024-04-26 15:49:55,466 [http-nio-8083-exec-1] Method name = [regForm]
2024-04-26 15:49:55,472 [http-nio-8083-exec-1] Execution time: 0.258s
2024-04-26 15:49:55,473 [http-nio-8083-exec-1] --------------------------------------
2024-04-26 15:52:10,990 [http-nio-8083-exec-1] --------------------------------------
2024-04-26 15:52:10,991 [http-nio-8083-exec-1] Method name = [regForm]
2024-04-26 15:52:10,993 [http-nio-8083-exec-1] Execution time: 0.148s
2024-04-26 15:52:10,993 [http-nio-8083-exec-1] --------------------------------------
2024-04-26 15:52:21,201 [http-nio-8083-exec-9] --------------------------------------
2024-04-26 15:52:21,202 [http-nio-8083-exec-9] Method name = [reg]
2024-04-26 15:52:21,202 [http-nio-8083-exec-9] Execution time: 0.001s
2024-04-26 15:52:21,202 [http-nio-8083-exec-9] --------------------------------------
2024-04-26 15:53:17,430 [http-nio-8083-exec-6] --------------------------------------
2024-04-26 15:53:17,430 [http-nio-8083-exec-6] Method name = [reg]
2024-04-26 15:53:17,431 [http-nio-8083-exec-6] Execution time: 0.001s
2024-04-26 15:53:17,431 [http-nio-8083-exec-6] --------------------------------------
2024-04-26 15:53:26,101 [http-nio-8083-exec-2] --------------------------------------
2024-04-26 15:53:26,101 [http-nio-8083-exec-2] Method name = [reg]
2024-04-26 15:53:26,102 [http-nio-8083-exec-2] Execution time: 0.000s
2024-04-26 15:53:26,102 [http-nio-8083-exec-2] --------------------------------------
2024-04-26 15:54:58,052 [http-nio-8083-exec-1] --------------------------------------
2024-04-26 15:54:58,054 [http-nio-8083-exec-1] Method name = [regForm]
2024-04-26 15:54:58,059 [http-nio-8083-exec-1] Execution time: 0.457s
2024-04-26 15:54:58,059 [http-nio-8083-exec-1] --------------------------------------
2024-04-26 15:55:34,821 [http-nio-8083-exec-9] --------------------------------------
2024-04-26 15:55:34,822 [http-nio-8083-exec-9] Method name = [regForm]
2024-04-26 15:55:34,822 [http-nio-8083-exec-9] Execution time: 0.020s
2024-04-26 15:55:34,822 [http-nio-8083-exec-9] --------------------------------------
2024-04-26 15:55:37,363 [http-nio-8083-exec-6] --------------------------------------
2024-04-26 15:55:37,363 [http-nio-8083-exec-6] Method name = [list]
2024-04-26 15:55:37,364 [http-nio-8083-exec-6] Execution time: 0.103s
2024-04-26 15:55:37,364 [http-nio-8083-exec-6] --------------------------------------
2024-04-26 15:55:39,367 [http-nio-8083-exec-3] --------------------------------------
2024-04-26 15:55:39,368 [http-nio-8083-exec-3] Method name = [detail]
2024-04-26 15:55:39,369 [http-nio-8083-exec-3] Execution time: 0.069s
2024-04-26 15:55:39,369 [http-nio-8083-exec-3] --------------------------------------
2024-04-26 15:55:40,475 [http-nio-8083-exec-10] --------------------------------------
2024-04-26 15:55:40,475 [http-nio-8083-exec-10] Method name = [edit]
2024-04-26 15:55:40,475 [http-nio-8083-exec-10] Execution time: 0.047s
2024-04-26 15:55:40,475 [http-nio-8083-exec-10] --------------------------------------
2024-04-26 15:55:40,542 [http-nio-8083-exec-9] --------------------------------------
2024-04-26 15:55:40,542 [http-nio-8083-exec-9] Method name = [list]
2024-04-26 15:55:40,542 [http-nio-8083-exec-9] Execution time: 0.050s
2024-04-26 15:55:40,542 [http-nio-8083-exec-9] --------------------------------------
2024-04-26 16:04:45,478 [http-nio-8083-exec-1] --------------------------------------
2024-04-26 16:04:45,480 [http-nio-8083-exec-1] Method name = [detail]
2024-04-26 16:04:45,482 [http-nio-8083-exec-1] Execution time: 0.247s
2024-04-26 16:04:45,483 [http-nio-8083-exec-1] --------------------------------------
2024-04-26 16:04:48,532 [http-nio-8083-exec-4] --------------------------------------
2024-04-26 16:04:48,532 [http-nio-8083-exec-4] Method name = [edit]
2024-04-26 16:04:48,532 [http-nio-8083-exec-4] Execution time: 0.301s
2024-04-26 16:04:48,532 [http-nio-8083-exec-4] --------------------------------------
2024-04-26 16:04:48,824 [http-nio-8083-exec-2] --------------------------------------
2024-04-26 16:04:48,825 [http-nio-8083-exec-2] Method name = [list]
2024-04-26 16:04:48,825 [http-nio-8083-exec-2] Execution time: 0.278s
2024-04-26 16:04:48,825 [http-nio-8083-exec-2] --------------------------------------
2024-04-26 16:04:51,776 [http-nio-8083-exec-9] --------------------------------------
2024-04-26 16:04:51,777 [http-nio-8083-exec-9] Method name = [detail]
2024-04-26 16:04:51,779 [http-nio-8083-exec-9] Execution time: 0.058s
2024-04-26 16:04:51,779 [http-nio-8083-exec-9] --------------------------------------
2024-04-26 16:04:53,007 [http-nio-8083-exec-8] --------------------------------------
2024-04-26 16:04:53,007 [http-nio-8083-exec-8] Method name = [edit]
2024-04-26 16:04:53,008 [http-nio-8083-exec-8] Execution time: 0.073s
2024-04-26 16:04:53,008 [http-nio-8083-exec-8] --------------------------------------
2024-04-26 16:04:53,082 [http-nio-8083-exec-4] --------------------------------------
2024-04-26 16:04:53,083 [http-nio-8083-exec-4] Method name = [list]
2024-04-26 16:04:53,083 [http-nio-8083-exec-4] Execution time: 0.070s
2024-04-26 16:04:53,083 [http-nio-8083-exec-4] --------------------------------------
2024-04-26 16:06:16,477 [http-nio-8083-exec-1] --------------------------------------
2024-04-26 16:06:16,477 [http-nio-8083-exec-1] Method name = [list]
2024-04-26 16:06:16,479 [http-nio-8083-exec-1] Execution time: 0.520s
2024-04-26 16:06:16,479 [http-nio-8083-exec-1] --------------------------------------
2024-04-26 16:06:18,783 [http-nio-8083-exec-8] --------------------------------------
2024-04-26 16:06:18,783 [http-nio-8083-exec-8] Method name = [detail]
2024-04-26 16:06:18,783 [http-nio-8083-exec-8] Execution time: 0.100s
2024-04-26 16:06:18,783 [http-nio-8083-exec-8] --------------------------------------
2024-04-26 16:06:20,028 [http-nio-8083-exec-7] --------------------------------------
2024-04-26 16:06:20,029 [http-nio-8083-exec-7] Method name = [edit]
2024-04-26 16:06:20,029 [http-nio-8083-exec-7] Execution time: 0.048s
2024-04-26 16:06:20,029 [http-nio-8083-exec-7] --------------------------------------
2024-04-26 16:06:20,088 [http-nio-8083-exec-10] --------------------------------------
2024-04-26 16:06:20,088 [http-nio-8083-exec-10] Method name = [list]
2024-04-26 16:06:20,088 [http-nio-8083-exec-10] Execution time: 0.044s
2024-04-26 16:06:20,088 [http-nio-8083-exec-10] --------------------------------------
2024-04-26 16:10:49,408 [http-nio-8083-exec-1] --------------------------------------
2024-04-26 16:10:49,409 [http-nio-8083-exec-1] Method name = [detail]
2024-04-26 16:10:49,411 [http-nio-8083-exec-1] Execution time: 0.159s
2024-04-26 16:10:49,411 [http-nio-8083-exec-1] --------------------------------------
2024-04-26 16:10:51,878 [http-nio-8083-exec-4] --------------------------------------
2024-04-26 16:10:51,878 [http-nio-8083-exec-4] Method name = [edit]
2024-04-26 16:10:51,879 [http-nio-8083-exec-4] Execution time: 0.057s
2024-04-26 16:10:51,879 [http-nio-8083-exec-4] --------------------------------------
2024-04-26 16:10:51,942 [http-nio-8083-exec-2] --------------------------------------
2024-04-26 16:10:51,942 [http-nio-8083-exec-2] Method name = [list]
2024-04-26 16:10:51,942 [http-nio-8083-exec-2] Execution time: 0.050s
2024-04-26 16:10:51,942 [http-nio-8083-exec-2] --------------------------------------
